scripts/kconfig/conf  --silentoldconfig Kconfig
  CHK     include/config.h
  CFG     u-boot.cfg
  GEN     include/autoconf.mk.dep
  CFG     spl/u-boot.cfg
  GEN     include/autoconf.mk
  GEN     spl/include/autoconf.mk
  CHK     include/config/uboot.release
  CHK     include/generated/timestamp_autogenerated.h
  UPD     include/generated/timestamp_autogenerated.h
  CHK     include/generated/version_autogenerated.h
  CHK     include/generated/generic-asm-offsets.h
  CHK     include/generated/asm-offsets.h
  HOSTCC  tools/mkenvimage.o
  HOSTCC  tools/fit_image.o
  HOSTCC  tools/image-host.o
  HOSTCC  tools/dumpimage.o
  HOSTCC  tools/sunxi-spl-image-builder.o
  HOSTCC  tools/mkimage.o
  HOSTLD  tools/mkenvimage
  CHK     include/config.h
  CFG     u-boot.cfg
  HOSTLD  tools/sunxi-spl-image-builder
  HOSTLD  tools/dumpimage
  HOSTLD  tools/mkimage
  CC      common/main.o
  CC      cmd/version.o
  LD      common/built-in.o
  LD      cmd/built-in.o
  CC      lib/smbios.o
  CC      lib/display_options.o
  CC      lib/efi_loader/helloworld.o
  LD      lib/efi_loader/helloworld_efi.so
  OBJCOPY lib/efi_loader/helloworld.efi
rm lib/efi_loader/helloworld.o lib/efi_loader/helloworld_efi.so
  LD      lib/built-in.o
  LD      u-boot
  OBJCOPY u-boot-nodtb.bin
  OBJCOPY u-boot.srec
  SYM     u-boot.sym
make[2]: 'arch/arm/dts/suniv-f1c100s-licheepi-nano.dtb' is up to date.
  CAT     u-boot-dtb.bin
  COPY    u-boot.bin
  MKIMAGE u-boot.img
  MKIMAGE u-boot-dtb.img
  CC      spl/common/spl/spl.o
  CC      spl/lib/display_options.o
  LD      spl/common/spl/built-in.o
  LD      spl/lib/built-in.o
  LD      spl/u-boot-spl
  OBJCOPY spl/u-boot-spl-nodtb.bin
  COPY    spl/u-boot-spl.bin
  MKSUNXI spl/sunxi-spl.bin
  BINMAN  u-boot-sunxi-with-spl.bin
